2017-06-20 11:13:45,579 : INFO : 'pattern' package not found; tag filters are not available for English
2017-06-20 11:13:45,632 : INFO : Loaded ['/etc/luigi/client.cfg']
DEBUG: Checking if IndexBook(conf=../recSys.conf) is complete
2017-06-20 11:13:45,721 : DEBUG : Checking if IndexBook(conf=../recSys.conf) is complete
DEBUG: Checking if DecompositBook(conf=../recSys.conf) is complete
2017-06-20 11:13:45,732 : DEBUG : Checking if DecompositBook(conf=../recSys.conf) is complete
INFO: Informed scheduler that task   IndexBook____recSys_conf_2499a3db8e   has status   PENDING
2017-06-20 11:13:45,753 : INFO : Informed scheduler that task   IndexBook____recSys_conf_2499a3db8e   has status   PENDING
INFO: Informed scheduler that task   DecompositBook____recSys_conf_2499a3db8e   has status   DONE
2017-06-20 11:13:45,759 : INFO : Informed scheduler that task   DecompositBook____recSys_conf_2499a3db8e   has status   DONE
INFO: Done scheduling tasks
2017-06-20 11:13:45,891 : INFO : Done scheduling tasks
INFO: Running Worker with 1 processes
2017-06-20 11:13:45,891 : INFO : Running Worker with 1 processes
DEBUG: Asking scheduler for work...
2017-06-20 11:13:45,898 : DEBUG : Asking scheduler for work...
DEBUG: Pending tasks: 1
2017-06-20 11:13:45,927 : DEBUG : Pending tasks: 1
INFO: [pid 32456] Worker Worker(salt=315824982, workers=1, host=centos6.8-jg-test01, username=root, pid=32456) running   IndexBook(conf=../recSys.conf)
2017-06-20 11:13:45,927 : INFO : [pid 32456] Worker Worker(salt=315824982, workers=1, host=centos6.8-jg-test01, username=root, pid=32456) running   IndexBook(conf=../recSys.conf)
INFO: [pid 32456] Worker Worker(salt=315824982, workers=1, host=centos6.8-jg-test01, username=root, pid=32456) done      IndexBook(conf=../recSys.conf)
2017-06-20 12:45:45,534 : INFO : [pid 32456] Worker Worker(salt=315824982, workers=1, host=centos6.8-jg-test01, username=root, pid=32456) done      IndexBook(conf=../recSys.conf)
DEBUG: 1 running tasks, waiting for next task to finish
2017-06-20 12:45:45,649 : DEBUG : 1 running tasks, waiting for next task to finish
INFO: Informed scheduler that task   IndexBook____recSys_conf_2499a3db8e   has status   DONE
2017-06-20 12:45:45,749 : INFO : Informed scheduler that task   IndexBook____recSys_conf_2499a3db8e   has status   DONE
DEBUG: Asking scheduler for work...
2017-06-20 12:45:45,749 : DEBUG : Asking scheduler for work...
DEBUG: Done
2017-06-20 12:45:45,800 : DEBUG : Done
DEBUG: There are no more tasks to run at this time
2017-06-20 12:45:45,800 : DEBUG : There are no more tasks to run at this time
INFO: Worker Worker(salt=315824982, workers=1, host=centos6.8-jg-test01, username=root, pid=32456) was stopped. Shutting down Keep-Alive thread
2017-06-20 12:45:45,827 : INFO : Worker Worker(salt=315824982, workers=1, host=centos6.8-jg-test01, username=root, pid=32456) was stopped. Shutting down Keep-Alive thread
INFO: 
===== Luigi Execution Summary =====

Scheduled 2 tasks of which:
* 1 present dependencies were encountered:
    - 1 DecompositBook(conf=../recSys.conf)
* 1 ran successfully:
    - 1 IndexBook(conf=../recSys.conf)

This progress looks :) because there were no failed tasks or missing external dependencies

===== Luigi Execution Summary =====

2017-06-20 12:45:45,883 : INFO : 
===== Luigi Execution Summary =====

Scheduled 2 tasks of which:
* 1 present dependencies were encountered:
    - 1 DecompositBook(conf=../recSys.conf)
* 1 ran successfully:
    - 1 IndexBook(conf=../recSys.conf)

This progress looks :) because there were no failed tasks or missing external dependencies

===== Luigi Execution Summary =====

